0 info it worked if it ends with ok
1 verbose cli [ '/usr/local/bin/node',
1 verbose cli   '/usr/local/bin/npm',
1 verbose cli   'install',
1 verbose cli   'cssminifier',
1 verbose cli   '-g' ]
2 info using npm@1.2.18
3 info using node@v0.10.4
4 verbose read json /usr/local/lib/package.json
5 verbose read json /usr/local/lib/package.json
6 verbose cache add [ 'cssminifier', null ]
7 verbose cache add name=undefined spec="cssminifier" args=["cssminifier",null]
8 verbose parsed url { protocol: null,
8 verbose parsed url   slashes: null,
8 verbose parsed url   auth: null,
8 verbose parsed url   host: null,
8 verbose parsed url   port: null,
8 verbose parsed url   hostname: null,
8 verbose parsed url   hash: null,
8 verbose parsed url   search: null,
8 verbose parsed url   query: null,
8 verbose parsed url   pathname: 'cssminifier',
8 verbose parsed url   path: 'cssminifier',
8 verbose parsed url   href: 'cssminifier' }
9 silly lockFile bf718a28-cssminifier cssminifier
10 verbose lock cssminifier /home/houoop/.npm/bf718a28-cssminifier.lock
11 silly lockFile bf718a28-cssminifier cssminifier
12 silly lockFile bf718a28-cssminifier cssminifier
13 verbose addNamed [ 'cssminifier', '' ]
14 verbose addNamed [ null, '' ]
15 silly lockFile bfff1408-cssminifier cssminifier@
16 verbose lock cssminifier@ /home/houoop/.npm/bfff1408-cssminifier.lock
17 silly addNameRange { name: 'cssminifier', range: '', hasData: false }
18 verbose url raw cssminifier
19 verbose url resolving [ 'https://registry.npmjs.org/', './cssminifier' ]
20 verbose url resolved https://registry.npmjs.org/cssminifier
21 info trying registry request attempt 1 at 16:05:03
22 http GET https://registry.npmjs.org/cssminifier
23 http 404 https://registry.npmjs.org/cssminifier
24 silly registry.get cb [ 404,
24 silly registry.get   { server: 'CouchDB/1.3.0 (Erlang OTP/R15B03)',
24 silly registry.get     date: 'Fri, 10 May 2013 08:05:13 GMT',
24 silly registry.get     'content-type': 'application/json',
24 silly registry.get     'content-length': '52',
24 silly registry.get     'cache-control': 'must-revalidate' } ]
25 silly lockFile bfff1408-cssminifier cssminifier@
26 silly lockFile bfff1408-cssminifier cssminifier@
27 error 404 'cssminifier' is not in the npm registry.
27 error 404 You should bug the author to publish it
27 error 404
27 error 404 Note that you can also install from a
27 error 404 tarball, folder, or http url, or git url.
28 error System Linux 3.5.0-17-generic
29 error command "/usr/local/bin/node" "/usr/local/bin/npm" "install" "cssminifier" "-g"
30 error cwd /home/houoop/Project/nodejs-blog
31 error node -v v0.10.4
32 error npm -v 1.2.18
33 error code E404
34 verbose exit [ 1, true ]
